<?xml version="1.0" encoding="UTF-8"?>
<!-- Generated by org.testng.reporters.JUnitReportReporter -->
<testsuite hostname="LAPTOP-RRL8VLE7" failures="0" tests="1" name="com.qa.tutorialsninja.TestCases.HomePageTest" time="5.804" errors="0" timestamp="2023-12-11T14:29:38 EST" skipped="0">
  <testcase classname="com.qa.tutorialsninja.TestCases.HomePageTest" name="verifyHomePage" time="5.804"/>
</testsuite> <!-- com.qa.tutorialsninja.TestCases.HomePageTest -->
